<?xml version="1.0" encoding="UTF-8"?>
<!-- Generated by org.testng.reporters.JUnitReportReporter -->
<testsuite hostname="zlennon" failures="0" tests="1" name="com.zl.lennon.jvm.UseJprofilerTest" time="0.166" errors="0" timestamp="2020-02-23T14:23:39 CST" skipped="0">
  <testcase classname="com.zl.lennon.jvm.UseJprofilerTest" name="test" time="0.166"/>
</testsuite> <!-- com.zl.lennon.jvm.UseJprofilerTest -->
