<?xml version="1.0" encoding="UTF-8"?>
<!-- Generated by org.testng.reporters.JUnitReportReporter -->
<testsuite name="com.zl.lennon.string.regex.RegextTest" tests="1" time="0.014" ignored="0" failures="0" timestamp="11 八月 2019 14:36:26 GMT" skipped="0" hostname="zlennon" errors="0">
  <testcase name="test" time="0.014" classname="com.zl.lennon.string.regex.RegextTest"/>
</testsuite> <!-- com.zl.lennon.string.regex.RegextTest -->
