<?xml version="1.0" encoding="UTF-8"?>
<!-- Generated by org.testng.reporters.JUnitReportReporter -->
<testsuite skipped="0" hostname="ZLENNON" name="com.zl.lennon.StrSubStringTest" tests="1" failures="0" timestamp="12 十二月 2017 06:50:47 GMT" time="14.959" errors="0">
  <testcase name="run" time="14.959" classname="com.zl.lennon.StrSubStringTest"/>
</testsuite> <!-- com.zl.lennon.StrSubStringTest -->
